{"C:\\Users\\João Vitor\\Desktop\\atividade-de-testeSoftware\\atividade.js": {"path":"C:\\Users\\João Vitor\\Desktop\\atividade-de-testeSoftware\\atividade.js","statementMap":{"0":{"start":{"line":3,"column":8},"end":{"line":3,"column":31}},"1":{"start":{"line":8,"column":8},"end":{"line":8,"column":32}},"2":{"start":{"line":13,"column":27},"end":{"line":13,"column":49}},"3":{"start":{"line":14,"column":27},"end":{"line":14,"column":49}},"4":{"start":{"line":15,"column":8},"end":{"line":15,"column":40}},"5":{"start":{"line":20,"column":8},"end":{"line":20,"column":29}},"6":{"start":{"line":25,"column":8},"end":{"line":25,"column":31}},"7":{"start":{"line":30,"column":26},"end":{"line":30,"column":39}},"8":{"start":{"line":31,"column":8},"end":{"line":31,"column":30}},"9":{"start":{"line":36,"column":26},"end":{"line":36,"column":39}},"10":{"start":{"line":37,"column":8},"end":{"line":37,"column":30}},"11":{"start":{"line":42,"column":8},"end":{"line":42,"column":25}},"12":{"start":{"line":47,"column":26},"end":{"line":47,"column":39}},"13":{"start":{"line":48,"column":8},"end":{"line":48,"column":29}},"14":{"start":{"line":51,"column":4},"end":{"line":61,"column":6}}},"fnMap":{"0":{"name":"debitarConta","decl":{"start":{"line":2,"column":13},"end":{"line":2,"column":25}},"loc":{"start":{"line":2,"column":42},"end":{"line":4,"column":5}},"line":2},"1":{"name":"sacarConta","decl":{"start":{"line":7,"column":13},"end":{"line":7,"column":23}},"loc":{"start":{"line":7,"column":41},"end":{"line":9,"column":5}},"line":7},"2":{"name":"transferirConta","decl":{"start":{"line":12,"column":13},"end":{"line":12,"column":28}},"loc":{"start":{"line":12,"column":60},"end":{"line":16,"column":5}},"line":12},"3":{"name":"saldoMaior","decl":{"start":{"line":19,"column":13},"end":{"line":19,"column":23}},"loc":{"start":{"line":19,"column":38},"end":{"line":21,"column":5}},"line":19},"4":{"name":"saldoMinimo","decl":{"start":{"line":24,"column":13},"end":{"line":24,"column":24}},"loc":{"start":{"line":24,"column":40},"end":{"line":26,"column":5}},"line":24},"5":{"name":"contaNoLimite","decl":{"start":{"line":29,"column":13},"end":{"line":29,"column":26}},"loc":{"start":{"line":29,"column":41},"end":{"line":32,"column":5}},"line":29},"6":{"name":"contaZerada","decl":{"start":{"line":35,"column":13},"end":{"line":35,"column":24}},"loc":{"start":{"line":35,"column":39},"end":{"line":38,"column":5}},"line":35},"7":{"name":"calcularJuros","decl":{"start":{"line":41,"column":13},"end":{"line":41,"column":26}},"loc":{"start":{"line":41,"column":29},"end":{"line":43,"column":5}},"line":41},"8":{"name":"saldoNegativo","decl":{"start":{"line":46,"column":13},"end":{"line":46,"column":26}},"loc":{"start":{"line":46,"column":41},"end":{"line":49,"column":5}},"line":46}},"branchMap":{},"s":{"0":2,"1":5,"2":1,"3":1,"4":1,"5":0,"6":0,"7":0,"8":0,"9":0,"10":0,"11":1,"12":0,"13":0,"14":1},"f":{"0":2,"1":5,"2":1,"3":0,"4":0,"5":0,"6":0,"7":1,"8":0},"b":{},"_coverageSchema":"1a1c01bbd47fc00a2c39e90264f33305004495a9","hash":"f4eef0da536ac0a327541afda269a7bed988915e"}
}
