TN:
SF:atividade.js
FN:2,debitarConta
FN:7,sacarConta
FN:12,transferirConta
FN:19,saldoMaior
FN:24,saldoMinimo
FN:29,contaNoLimite
FN:35,contaZerada
FN:41,calcularJuros
FN:46,saldoNegativo
FNF:9
FNH:4
FNDA:2,debitarConta
FNDA:5,sacarConta
FNDA:1,transferirConta
FNDA:0,saldoMaior
FNDA:0,saldoMinimo
FNDA:0,contaNoLimite
FNDA:0,contaZerada
FNDA:1,calcularJuros
FNDA:0,saldoNegativo
DA:3,2
DA:8,5
DA:13,1
DA:14,1
DA:15,1
DA:20,0
DA:25,0
DA:30,0
DA:31,0
DA:36,0
DA:37,0
DA:42,1
DA:47,0
DA:48,0
DA:51,1
LF:15
LH:7
BRF:0
BRH:0
end_of_record
